<?xml version="1.0" ?>
<!DOCTYPE coverage SYSTEM "http://cobertura.sourceforge.net/xml/coverage-04.dtd">
<coverage lines-valid="312" lines-covered="312" line-rate="1" branches-valid="224" branches-covered="224" branch-rate="1" timestamp="1602272665791" complexity="0" version="0.1">
  <sources>
    <source>/home/runner/work/rx-angular/rx-angular</source>
  </sources>
  <packages>
    <package name="lib" line-rate="1" branch-rate="1">
      <classes>
        <class name="rx-state.service.ts" filename="libs/state/src/lib/rx-state.service.ts" line-rate="1" branch-rate="1">
          <methods>
            <method name="(anonymous_0)" hits="100" signature="()V">
              <lines>
                <line number="54" hits="100"/>
              </lines>
            </method>
            <method name="(anonymous_1)" hits="13" signature="()V">
              <lines>
                <line number="61" hits="13"/>
              </lines>
            </method>
            <method name="(anonymous_2)" hits="3" signature="()V">
              <lines>
                <line number="78" hits="3"/>
              </lines>
            </method>
            <method name="(anonymous_3)" hits="32" signature="()V">
              <lines>
                <line number="141" hits="32"/>
              </lines>
            </method>
            <method name="(anonymous_4)" hits="71" signature="()V">
              <lines>
                <line number="211" hits="71"/>
              </lines>
            </method>
            <method name="(anonymous_5)" hits="25" signature="()V">
              <lines>
                <line number="327" hits="25"/>
              </lines>
            </method>
            <method name="(anonymous_6)" hits="9" signature="()V">
              <lines>
                <line number="349" hits="9"/>
              </lines>
            </method>
            <method name="(anonymous_7)" hits="20" signature="()V">
              <lines>
                <line number="362" hits="20"/>
              </lines>
            </method>
            <method name="(anonymous_8)" hits="6" signature="()V">
              <lines>
                <line number="375" hits="6"/>
              </lines>
            </method>
            <method name="(anonymous_9)" hits="55" signature="()V">
              <lines>
                <line number="510" hits="55"/>
              </lines>
            </method>
            <method name="(anonymous_10)" hits="2" signature="()V">
              <lines>
                <line number="544" hits="2"/>
              </lines>
            </method>
            <method name="(anonymous_11)" hits="110" signature="()V">
              <lines>
                <line number="560" hits="110"/>
              </lines>
            </method>
          </methods>
          <lines>
            <line number="1" hits="15" branch="false"/>
            <line number="2" hits="15" branch="false"/>
            <line number="3" hits="15" branch="false"/>
            <line number="4" hits="15" branch="false"/>
            <line number="5" hits="15" branch="false"/>
            <line number="6" hits="15" branch="false"/>
            <line number="38" hits="15" branch="false"/>
            <line number="39" hits="100" branch="false"/>
            <line number="41" hits="100" branch="false"/>
            <line number="42" hits="100" branch="false"/>
            <line number="49" hits="100" branch="false"/>
            <line number="55" hits="100" branch="false"/>
            <line number="62" hits="13" branch="false"/>
            <line number="79" hits="3" branch="false"/>
            <line number="162" hits="32" branch="false"/>
            <line number="163" hits="32" branch="true" condition-coverage="100% (5/5)"/>
            <line number="164" hits="1" branch="false"/>
            <line number="166" hits="31" branch="false"/>
            <line number="215" hits="71" branch="true" condition-coverage="100% (2/2)"/>
            <line number="219" hits="66" branch="false"/>
            <line number="220" hits="66" branch="false"/>
            <line number="223" hits="5" branch="true" condition-coverage="100% (2/2)"/>
            <line number="227" hits="2" branch="false"/>
            <line number="230" hits="2" branch="false"/>
            <line number="233" hits="3" branch="true" condition-coverage="100% (2/2)"/>
            <line number="237" hits="2" branch="false"/>
            <line number="238" hits="2" branch="false"/>
            <line number="241" hits="2" branch="false"/>
            <line number="242" hits="2" branch="false"/>
            <line number="245" hits="1" branch="false"/>
            <line number="332" hits="25" branch="true" condition-coverage="100% (2/2)"/>
            <line number="337" hits="2" branch="false"/>
            <line number="338" hits="2" branch="false"/>
            <line number="341" hits="23" branch="true" condition-coverage="100% (2/2)"/>
            <line number="347" hits="4" branch="false"/>
            <line number="348" hits="4" branch="false"/>
            <line number="349" hits="9" branch="false"/>
            <line number="351" hits="4" branch="false"/>
            <line number="352" hits="4" branch="false"/>
            <line number="355" hits="19" branch="true" condition-coverage="100% (2/2)"/>
            <line number="360" hits="15" branch="false"/>
            <line number="361" hits="15" branch="false"/>
            <line number="362" hits="20" branch="false"/>
            <line number="364" hits="15" branch="false"/>
            <line number="365" hits="15" branch="false"/>
            <line number="368" hits="4" branch="true" condition-coverage="100% (2/2)"/>
            <line number="373" hits="3" branch="false"/>
            <line number="374" hits="3" branch="false"/>
            <line number="375" hits="6" branch="false"/>
            <line number="377" hits="3" branch="false"/>
            <line number="378" hits="3" branch="false"/>
            <line number="381" hits="1" branch="false"/>
            <line number="513" hits="55" branch="true" condition-coverage="100% (4/4)"/>
            <line number="514" hits="24" branch="false"/>
            <line number="515" hits="31" branch="true" condition-coverage="100% (2/2)"/>
            <line number="516" hits="28" branch="false"/>
            <line number="517" hits="3" branch="true" condition-coverage="100% (2/2)"/>
            <line number="518" hits="2" branch="false"/>
            <line number="520" hits="1" branch="false"/>
            <line number="548" hits="2" branch="true" condition-coverage="100% (2/2)"/>
            <line number="549" hits="1" branch="false"/>
            <line number="552" hits="1" branch="false"/>
            <line number="554" hits="1" branch="false"/>
            <line number="561" hits="110" branch="false"/>
            <line number="562" hits="110" branch="false"/>
            <line number="563" hits="110" branch="false"/>
            <line number="564" hits="110" branch="false"/>
          </lines>
        </class>
      </classes>
    </package>
    <package name="lib.cdk" line-rate="1" branch-rate="1">
      <classes>
        <class name="accumulation-observable.ts" filename="libs/state/src/lib/cdk/accumulation-observable.ts" line-rate="1" branch-rate="1">
          <methods>
            <method name="(anonymous_0)" hits="105" signature="()V">
              <lines>
                <line number="26" hits="105"/>
              </lines>
            </method>
            <method name="createAccumulationObservable" hits="119" signature="()V">
              <lines>
                <line number="39" hits="119"/>
              </lines>
            </method>
            <method name="(anonymous_2)" hits="112" signature="()V">
              <lines>
                <line number="54" hits="112"/>
              </lines>
            </method>
            <method name="(anonymous_3)" hits="112" signature="()V">
              <lines>
                <line number="58" hits="112"/>
              </lines>
            </method>
            <method name="(anonymous_4)" hits="1" signature="()V">
              <lines>
                <line number="59" hits="1"/>
              </lines>
            </method>
            <method name="(anonymous_5)" hits="1" signature="()V">
              <lines>
                <line number="62" hits="1"/>
              </lines>
            </method>
            <method name="nextAccumulator" hits="4" signature="()V">
              <lines>
                <line number="82" hits="4"/>
              </lines>
            </method>
            <method name="nextSlice" hits="85" signature="()V">
              <lines>
                <line number="86" hits="85"/>
              </lines>
            </method>
            <method name="nextSliceObservable" hits="28" signature="()V">
              <lines>
                <line number="90" hits="28"/>
              </lines>
            </method>
            <method name="subscribe" hits="129" signature="()V">
              <lines>
                <line number="94" hits="129"/>
              </lines>
            </method>
            <method name="(anonymous_10)" hits="27" signature="()V">
              <lines>
                <line number="99" hits="27"/>
              </lines>
            </method>
          </methods>
          <lines>
            <line number="1" hits="16" branch="false"/>
            <line number="12" hits="16" branch="false"/>
            <line number="26" hits="16" branch="false"/>
            <line number="27" hits="105" branch="false"/>
            <line number="39" hits="16" branch="false"/>
            <line number="44" hits="119" branch="false"/>
            <line number="54" hits="112" branch="false"/>
            <line number="58" hits="112" branch="false"/>
            <line number="59" hits="1" branch="false"/>
            <line number="62" hits="1" branch="false"/>
            <line number="65" hits="119" branch="false"/>
            <line number="66" hits="119" branch="false"/>
            <line number="78" hits="119" branch="false"/>
            <line number="83" hits="4" branch="false"/>
            <line number="87" hits="85" branch="false"/>
            <line number="91" hits="28" branch="false"/>
            <line number="95" hits="129" branch="false"/>
            <line number="96" hits="129" branch="false"/>
            <line number="99" hits="129" branch="false"/>
            <line number="100" hits="27" branch="false"/>
            <line number="101" hits="27" branch="false"/>
            <line number="102" hits="27" branch="false"/>
            <line number="104" hits="129" branch="false"/>
          </lines>
        </class>
        <class name="side-effect-observable.ts" filename="libs/state/src/lib/cdk/side-effect-observable.ts" line-rate="1" branch-rate="1">
          <methods>
            <method name="createSideEffectObservable" hits="102" signature="()V">
              <lines>
                <line number="4" hits="102"/>
              </lines>
            </method>
            <method name="nextEffectObservable" hits="3" signature="()V">
              <lines>
                <line number="14" hits="3"/>
              </lines>
            </method>
            <method name="subscribe" hits="111" signature="()V">
              <lines>
                <line number="18" hits="111"/>
              </lines>
            </method>
          </methods>
          <lines>
            <line number="1" hits="16" branch="false"/>
            <line number="2" hits="16" branch="false"/>
            <line number="4" hits="16" branch="false"/>
            <line number="10" hits="102" branch="false"/>
            <line number="15" hits="3" branch="false"/>
            <line number="19" hits="111" branch="false"/>
            <line number="22" hits="102" branch="false"/>
          </lines>
        </class>
      </classes>
    </package>
    <package name="lib.core.utils" line-rate="1" branch-rate="1">
      <classes>
        <class name="guards.ts" filename="libs/state/src/lib/core/utils/guards.ts" line-rate="1" branch-rate="1">
          <methods>
            <method name="isPromiseGuard" hits="4" signature="()V">
              <lines>
                <line number="3" hits="4"/>
              </lines>
            </method>
            <method name="isOperateFnArrayGuard" hits="101" signature="()V">
              <lines>
                <line number="11" hits="101"/>
              </lines>
            </method>
            <method name="(anonymous_2)" hits="74" signature="()V">
              <lines>
                <line number="17" hits="74"/>
              </lines>
            </method>
            <method name="isStringArrayGuard" hits="59" signature="()V">
              <lines>
                <line number="20" hits="59"/>
              </lines>
            </method>
            <method name="(anonymous_4)" hits="58" signature="()V">
              <lines>
                <line number="24" hits="58"/>
              </lines>
            </method>
            <method name="isIterableGuard" hits="6" signature="()V">
              <lines>
                <line number="27" hits="6"/>
              </lines>
            </method>
            <method name="isKeyOf" hits="566" signature="()V">
              <lines>
                <line number="34" hits="566"/>
              </lines>
            </method>
            <method name="isObjectGuard" hits="492" signature="()V">
              <lines>
                <line number="41" hits="492"/>
              </lines>
            </method>
            <method name="isDefined" hits="986" signature="()V">
              <lines>
                <line number="45" hits="986"/>
              </lines>
            </method>
          </methods>
          <lines>
            <line number="3" hits="21" branch="false"/>
            <line number="4" hits="4" branch="false"/>
            <line number="11" hits="21" branch="false"/>
            <line number="14" hits="101" branch="true" condition-coverage="100% (2/2)"/>
            <line number="15" hits="5" branch="false"/>
            <line number="17" hits="96" branch="true" condition-coverage="100% (2/2)"/>
            <line number="20" hits="21" branch="false"/>
            <line number="21" hits="59" branch="true" condition-coverage="100% (2/2)"/>
            <line number="22" hits="5" branch="false"/>
            <line number="24" hits="58" branch="true" condition-coverage="100% (2/2)"/>
            <line number="27" hits="21" branch="false"/>
            <line number="28" hits="6" branch="true" condition-coverage="100% (4/4)"/>
            <line number="29" hits="2" branch="false"/>
            <line number="31" hits="4" branch="false"/>
            <line number="34" hits="21" branch="false"/>
            <line number="35" hits="566" branch="false"/>
            <line number="41" hits="21" branch="false"/>
            <line number="42" hits="492" branch="true" condition-coverage="100% (3/3)"/>
            <line number="45" hits="21" branch="false"/>
            <line number="46" hits="986" branch="true" condition-coverage="100% (2/2)"/>
          </lines>
        </class>
        <class name="pipe-from-array.ts" filename="libs/state/src/lib/core/utils/pipe-from-array.ts" line-rate="1" branch-rate="1">
          <methods>
            <method name="pipeFromArray" hits="56" signature="()V">
              <lines>
                <line number="3" hits="56"/>
              </lines>
            </method>
            <method name="piped" hits="3" signature="()V">
              <lines>
                <line number="14" hits="3"/>
              </lines>
            </method>
            <method name="(anonymous_2)" hits="14" signature="()V">
              <lines>
                <line number="16" hits="14"/>
              </lines>
            </method>
          </methods>
          <lines>
            <line number="1" hits="20" branch="false"/>
            <line number="3" hits="20" branch="false"/>
            <line number="6" hits="56" branch="true" condition-coverage="100% (2/2)"/>
            <line number="7" hits="1" branch="false"/>
            <line number="10" hits="55" branch="true" condition-coverage="100% (2/2)"/>
            <line number="11" hits="50" branch="false"/>
            <line number="14" hits="5" branch="false"/>
            <line number="15" hits="3" branch="false"/>
            <line number="16" hits="14" branch="false"/>
          </lines>
        </class>
        <class name="safe-pluck.ts" filename="libs/state/src/lib/core/utils/safe-pluck.ts" line-rate="1" branch-rate="1">
          <methods>
            <method name="safePluck" hits="436" signature="()V">
              <lines>
                <line number="47" hits="436"/>
              </lines>
            </method>
            <method name="(anonymous_1)" hits="393" signature="()V">
              <lines>
                <line number="85" hits="393"/>
              </lines>
            </method>
            <method name="(anonymous_2)" hits="3" signature="()V">
              <lines>
                <line number="97" hits="3"/>
              </lines>
            </method>
          </methods>
          <lines>
            <line number="1" hits="21" branch="false"/>
            <line number="47" hits="21" branch="false"/>
            <line number="78" hits="436" branch="true" condition-coverage="100% (2/2)"/>
            <line number="79" hits="44" branch="false"/>
            <line number="81" hits="392" branch="true" condition-coverage="100% (2/2)"/>
            <line number="82" hits="1" branch="false"/>
            <line number="85" hits="391" branch="true" condition-coverage="100% (2/2)"/>
            <line number="86" hits="393" branch="false"/>
            <line number="88" hits="391" branch="true" condition-coverage="100% (2/2)"/>
            <line number="93" hits="10" branch="false"/>
            <line number="95" hits="381" branch="false"/>
            <line number="97" hits="381" branch="false"/>
            <line number="98" hits="3" branch="true" condition-coverage="100% (4/4)"/>
            <line number="99" hits="2" branch="false"/>
            <line number="102" hits="381" branch="false"/>
          </lines>
        </class>
      </classes>
    </package>
    <package name="lib.rxjs.operators" line-rate="1" branch-rate="1">
      <classes>
        <class name="distinctUntilSomeChanged.ts" filename="libs/state/src/lib/rxjs/operators/distinctUntilSomeChanged.ts" line-rate="1" branch-rate="1">
          <methods>
            <method name="defaultCompare" hits="163" signature="()V">
              <lines>
                <line number="9" hits="163"/>
              </lines>
            </method>
            <method name="distinctUntilSomeChanged" hits="65" signature="()V">
              <lines>
                <line number="85" hits="65"/>
              </lines>
            </method>
            <method name="(anonymous_2)" hits="148" signature="()V">
              <lines>
                <line number="90" hits="148"/>
              </lines>
            </method>
            <method name="(anonymous_3)" hits="158" signature="()V">
              <lines>
                <line number="92" hits="158"/>
              </lines>
            </method>
            <method name="(anonymous_4)" hits="50" signature="()V">
              <lines>
                <line number="98" hits="50"/>
              </lines>
            </method>
            <method name="(anonymous_5)" hits="43" signature="()V">
              <lines>
                <line number="104" hits="43"/>
              </lines>
            </method>
            <method name="(anonymous_6)" hits="50" signature="()V">
              <lines>
                <line number="106" hits="50"/>
              </lines>
            </method>
            <method name="(anonymous_7)" hits="191" signature="()V">
              <lines>
                <line number="111" hits="191"/>
              </lines>
            </method>
          </methods>
          <lines>
            <line number="2" hits="17" branch="false"/>
            <line number="4" hits="17" branch="false"/>
            <line number="10" hits="163" branch="false"/>
            <line number="85" hits="17" branch="false"/>
            <line number="90" hits="65" branch="false"/>
            <line number="91" hits="148" branch="false"/>
            <line number="93" hits="158" branch="false"/>
            <line number="97" hits="65" branch="true" condition-coverage="100% (2/2)"/>
            <line number="98" hits="11" branch="false"/>
            <line number="99" hits="50" branch="true" condition-coverage="100% (2/2)"/>
            <line number="104" hits="11" branch="false"/>
            <line number="105" hits="43" branch="false"/>
            <line number="107" hits="50" branch="false"/>
            <line number="111" hits="191" branch="false"/>
          </lines>
        </class>
        <class name="select.ts" filename="libs/state/src/lib/rxjs/operators/select.ts" line-rate="1" branch-rate="1">
          <methods>
            <method name="select" hits="20" signature="()V">
              <lines>
                <line number="151" hits="20"/>
              </lines>
            </method>
            <method name="(anonymous_1)" hits="20" signature="()V">
              <lines>
                <line number="154" hits="20"/>
              </lines>
            </method>
          </methods>
          <lines>
            <line number="2" hits="16" branch="false"/>
            <line number="3" hits="16" branch="false"/>
            <line number="4" hits="16" branch="false"/>
            <line number="151" hits="16" branch="false"/>
            <line number="154" hits="20" branch="false"/>
            <line number="155" hits="20" branch="true" condition-coverage="100% (4/4)"/>
            <line number="156" hits="5" branch="false"/>
            <line number="157" hits="15" branch="true" condition-coverage="100% (2/2)"/>
            <line number="158" hits="10" branch="false"/>
            <line number="159" hits="5" branch="true" condition-coverage="100% (2/2)"/>
            <line number="160" hits="4" branch="false"/>
            <line number="162" hits="1" branch="false"/>
          </lines>
        </class>
        <class name="selectSlice.ts" filename="libs/state/src/lib/rxjs/operators/selectSlice.ts" line-rate="1" branch-rate="1">
          <methods>
            <method name="selectSlice" hits="34" signature="()V">
              <lines>
                <line number="79" hits="34"/>
              </lines>
            </method>
            <method name="(anonymous_1)" hits="34" signature="()V">
              <lines>
                <line number="83" hits="34"/>
              </lines>
            </method>
            <method name="(anonymous_2)" hits="147" signature="()V">
              <lines>
                <line number="85" hits="147"/>
              </lines>
            </method>
            <method name="(anonymous_3)" hits="139" signature="()V">
              <lines>
                <line number="86" hits="139"/>
              </lines>
            </method>
            <method name="(anonymous_4)" hits="143" signature="()V">
              <lines>
                <line number="94" hits="143"/>
              </lines>
            </method>
            <method name="(anonymous_5)" hits="120" signature="()V">
              <lines>
                <line number="112" hits="120"/>
              </lines>
            </method>
            <method name="(anonymous_6)" hits="139" signature="()V">
              <lines>
                <line number="117" hits="139"/>
              </lines>
            </method>
          </methods>
          <lines>
            <line number="3" hits="17" branch="false"/>
            <line number="4" hits="17" branch="false"/>
            <line number="79" hits="17" branch="false"/>
            <line number="83" hits="34" branch="false"/>
            <line number="84" hits="34" branch="false"/>
            <line number="85" hits="147" branch="false"/>
            <line number="88" hits="139" branch="true" condition-coverage="100% (2/2)"/>
            <line number="89" hits="8" branch="false"/>
            <line number="92" hits="131" branch="false"/>
            <line number="94" hits="143" branch="true" condition-coverage="100% (2/2)"/>
            <line number="106" hits="131" branch="true" condition-coverage="100% (2/2)"/>
            <line number="107" hits="23" branch="false"/>
            <line number="111" hits="108" branch="false"/>
            <line number="113" hits="120" branch="false"/>
            <line number="114" hits="120" branch="false"/>
            <line number="117" hits="139" branch="false"/>
          </lines>
        </class>
        <class name="stateful.ts" filename="libs/state/src/lib/rxjs/operators/stateful.ts" line-rate="1" branch-rate="1">
          <methods>
            <method name="stateful" hits="80" signature="()V">
              <lines>
                <line number="110" hits="80"/>
              </lines>
            </method>
            <method name="(anonymous_1)" hits="80" signature="()V">
              <lines>
                <line number="113" hits="80"/>
              </lines>
            </method>
            <method name="(anonymous_2)" hits="80" signature="()V">
              <lines>
                <line number="119" hits="80"/>
              </lines>
            </method>
            <method name="(anonymous_3)" hits="117" signature="()V">
              <lines>
                <line number="126" hits="117"/>
              </lines>
            </method>
          </methods>
          <lines>
            <line number="2" hits="16" branch="false"/>
            <line number="3" hits="16" branch="false"/>
            <line number="110" hits="16" branch="false"/>
            <line number="113" hits="80" branch="false"/>
            <line number="114" hits="80" branch="false"/>
            <line number="120" hits="80" branch="true" condition-coverage="100% (2/2)"/>
            <line number="121" hits="46" branch="false"/>
            <line number="123" hits="34" branch="false"/>
            <line number="126" hits="117" branch="false"/>
          </lines>
        </class>
      </classes>
    </package>
    <package name="lib.transformation-helpers._internals" line-rate="1" branch-rate="1">
      <classes>
        <class name="valuesComparer.util.ts" filename="libs/state/src/lib/transformation-helpers/_internals/valuesComparer.util.ts" line-rate="1" branch-rate="1">
          <methods>
            <method name="valuesComparer" hits="79" signature="()V">
              <lines>
                <line number="4" hits="79"/>
              </lines>
            </method>
            <method name="(anonymous_1)" hits="20" signature="()V">
              <lines>
                <line number="9" hits="20"/>
              </lines>
            </method>
            <method name="(anonymous_2)" hits="25" signature="()V">
              <lines>
                <line number="16" hits="25"/>
              </lines>
            </method>
            <method name="(anonymous_3)" hits="18" signature="()V">
              <lines>
                <line number="18" hits="18"/>
              </lines>
            </method>
          </methods>
          <lines>
            <line number="2" hits="16" branch="false"/>
            <line number="4" hits="16" branch="false"/>
            <line number="9" hits="79" branch="false"/>
            <line number="11" hits="79" branch="true" condition-coverage="100% (2/2)"/>
            <line number="12" hits="16" branch="false"/>
            <line number="15" hits="63" branch="true" condition-coverage="100% (2/2)"/>
            <line number="16" hits="25" branch="false"/>
            <line number="17" hits="16" branch="false"/>
            <line number="18" hits="18" branch="true" condition-coverage="100% (2/2)"/>
            <line number="22" hits="47" branch="true" condition-coverage="100% (2/2)"/>
          </lines>
        </class>
      </classes>
    </package>
    <package name="lib.transformation-helpers.array" line-rate="1" branch-rate="1">
      <classes>
        <class name="insert.ts" filename="libs/state/src/lib/transformation-helpers/array/insert.ts" line-rate="1" branch-rate="1">
          <methods>
            <method name="insert" hits="27" signature="()V">
              <lines>
                <line number="60" hits="27"/>
              </lines>
            </method>
          </methods>
          <lines>
            <line number="1" hits="15" branch="false"/>
            <line number="60" hits="15" branch="false"/>
            <line number="61" hits="27" branch="false"/>
            <line number="62" hits="27" branch="false"/>
            <line number="63" hits="27" branch="true" condition-coverage="100% (2/2)"/>
            <line number="65" hits="27" branch="true" condition-coverage="100% (4/4)"/>
            <line number="66" hits="5" branch="false"/>
            <line number="69" hits="27" branch="true" condition-coverage="100% (2/2)"/>
            <line number="70" hits="5" branch="false"/>
            <line number="73" hits="22" branch="false"/>
          </lines>
        </class>
        <class name="remove.ts" filename="libs/state/src/lib/transformation-helpers/array/remove.ts" line-rate="1" branch-rate="1">
          <methods>
            <method name="remove" hits="21" signature="()V">
              <lines>
                <line number="83" hits="21"/>
              </lines>
            </method>
            <method name="(anonymous_1)" hits="33" signature="()V">
              <lines>
                <line number="100" hits="33"/>
              </lines>
            </method>
            <method name="(anonymous_2)" hits="35" signature="()V">
              <lines>
                <line number="101" hits="35"/>
              </lines>
            </method>
          </methods>
          <lines>
            <line number="2" hits="15" branch="false"/>
            <line number="3" hits="15" branch="false"/>
            <line number="83" hits="15" branch="false"/>
            <line number="88" hits="21" branch="false"/>
            <line number="93" hits="21" branch="false"/>
            <line number="95" hits="21" branch="true" condition-coverage="100% (2/2)"/>
            <line number="96" hits="7" branch="false"/>
            <line number="97" hits="7" branch="false"/>
            <line number="100" hits="14" branch="false"/>
            <line number="101" hits="33" branch="false"/>
            <line number="102" hits="35" branch="false"/>
          </lines>
        </class>
        <class name="toDictionary.ts" filename="libs/state/src/lib/transformation-helpers/array/toDictionary.ts" line-rate="1" branch-rate="1">
          <methods>
            <method name="toDictionary" hits="15" signature="()V">
              <lines>
                <line number="52" hits="15"/>
              </lines>
            </method>
            <method name="(anonymous_1)" hits="9" signature="()V">
              <lines>
                <line number="73" hits="9"/>
              </lines>
            </method>
          </methods>
          <lines>
            <line number="2" hits="15" branch="false"/>
            <line number="52" hits="15" branch="false"/>
            <line number="59" hits="15" branch="true" condition-coverage="100% (2/2)"/>
            <line number="60" hits="2" branch="false"/>
            <line number="63" hits="13" branch="false"/>
            <line number="65" hits="13" branch="true" condition-coverage="100% (5/5)"/>
            <line number="66" hits="10" branch="true" condition-coverage="100% (2/2)"/>
            <line number="67" hits="4" branch="false"/>
            <line number="69" hits="10" branch="false"/>
            <line number="72" hits="3" branch="false"/>
            <line number="73" hits="9" branch="false"/>
          </lines>
        </class>
        <class name="update.ts" filename="libs/state/src/lib/transformation-helpers/array/update.ts" line-rate="1" branch-rate="1">
          <methods>
            <method name="update" hits="21" signature="()V">
              <lines>
                <line number="77" hits="21"/>
              </lines>
            </method>
            <method name="(anonymous_1)" hits="30" signature="()V">
              <lines>
                <line number="104" hits="30"/>
              </lines>
            </method>
            <method name="(anonymous_2)" hits="27" signature="()V">
              <lines>
                <line number="105" hits="27"/>
              </lines>
            </method>
          </methods>
          <lines>
            <line number="2" hits="15" branch="false"/>
            <line number="3" hits="15" branch="false"/>
            <line number="77" hits="15" branch="false"/>
            <line number="82" hits="21" branch="false"/>
            <line number="88" hits="21" branch="false"/>
            <line number="89" hits="21" branch="false"/>
            <line number="90" hits="21" branch="true" condition-coverage="100% (2/2)"/>
            <line number="92" hits="21" branch="true" condition-coverage="100% (4/4)"/>
            <line number="93" hits="2" branch="false"/>
            <line number="96" hits="21" branch="true" condition-coverage="100% (2/2)"/>
            <line number="97" hits="5" branch="false"/>
            <line number="100" hits="16" branch="true" condition-coverage="100% (5/5)"/>
            <line number="101" hits="6" branch="false"/>
            <line number="104" hits="10" branch="false"/>
            <line number="105" hits="30" branch="false"/>
            <line number="106" hits="27" branch="false"/>
            <line number="109" hits="30" branch="true" condition-coverage="100% (2/2)"/>
            <line number="110" hits="9" branch="false"/>
            <line number="113" hits="21" branch="false"/>
          </lines>
        </class>
      </classes>
    </package>
    <package name="lib.transformation-helpers.object" line-rate="1" branch-rate="1">
      <classes>
        <class name="deleteProp.ts" filename="libs/state/src/lib/transformation-helpers/object/deleteProp.ts" line-rate="1" branch-rate="1">
          <methods>
            <method name="deleteProp" hits="12" signature="()V">
              <lines>
                <line number="47" hits="12"/>
              </lines>
            </method>
          </methods>
          <lines>
            <line number="1" hits="15" branch="false"/>
            <line number="47" hits="15" branch="false"/>
            <line number="51" hits="12" branch="true" condition-coverage="100% (4/4)"/>
            <line number="52" hits="6" branch="false"/>
            <line number="53" hits="6" branch="false"/>
            <line number="56" hits="6" branch="true" condition-coverage="100% (2/2)"/>
            <line number="57" hits="2" branch="false"/>
            <line number="58" hits="2" branch="false"/>
            <line number="61" hits="4" branch="false"/>
            <line number="62" hits="4" branch="false"/>
            <line number="63" hits="4" branch="false"/>
          </lines>
        </class>
        <class name="dictionaryToArray.ts" filename="libs/state/src/lib/transformation-helpers/object/dictionaryToArray.ts" line-rate="1" branch-rate="1">
          <methods>
            <method name="dictionaryToArray" hits="9" signature="()V">
              <lines>
                <line number="55" hits="9"/>
              </lines>
            </method>
          </methods>
          <lines>
            <line number="1" hits="15" branch="false"/>
            <line number="55" hits="15" branch="false"/>
            <line number="56" hits="9" branch="true" condition-coverage="100% (2/2)"/>
            <line number="57" hits="2" branch="false"/>
            <line number="60" hits="7" branch="true" condition-coverage="100% (2/2)"/>
            <line number="61" hits="3" branch="false"/>
            <line number="62" hits="3" branch="false"/>
            <line number="65" hits="4" branch="false"/>
          </lines>
        </class>
        <class name="patch.ts" filename="libs/state/src/lib/transformation-helpers/object/patch.ts" line-rate="1" branch-rate="1">
          <methods>
            <method name="patch" hits="17" signature="()V">
              <lines>
                <line number="50" hits="17"/>
              </lines>
            </method>
          </methods>
          <lines>
            <line number="1" hits="15" branch="false"/>
            <line number="50" hits="15" branch="false"/>
            <line number="51" hits="17" branch="true" condition-coverage="100% (2/2)"/>
            <line number="53" hits="17" branch="true" condition-coverage="100% (4/4)"/>
            <line number="54" hits="5" branch="false"/>
            <line number="55" hits="5" branch="false"/>
            <line number="58" hits="12" branch="true" condition-coverage="100% (4/4)"/>
            <line number="59" hits="3" branch="false"/>
            <line number="62" hits="3" branch="false"/>
            <line number="65" hits="9" branch="false"/>
          </lines>
        </class>
        <class name="setProp.ts" filename="libs/state/src/lib/transformation-helpers/object/setProp.ts" line-rate="1" branch-rate="1">
          <methods>
            <method name="setProp" hits="14" signature="()V">
              <lines>
                <line number="45" hits="14"/>
              </lines>
            </method>
          </methods>
          <lines>
            <line number="1" hits="15" branch="false"/>
            <line number="45" hits="15" branch="false"/>
            <line number="50" hits="14" branch="false"/>
            <line number="51" hits="14" branch="false"/>
            <line number="52" hits="14" branch="true" condition-coverage="100% (2/2)"/>
            <line number="54" hits="14" branch="true" condition-coverage="100% (2/2)"/>
            <line number="55" hits="6" branch="false"/>
            <line number="58" hits="14" branch="true" condition-coverage="100% (2/2)"/>
            <line number="59" hits="3" branch="false"/>
            <line number="62" hits="14" branch="true" condition-coverage="100% (4/4)"/>
            <line number="63" hits="1" branch="false"/>
            <line number="66" hits="13" branch="true" condition-coverage="100% (2/2)"/>
            <line number="67" hits="11" branch="false"/>
            <line number="73" hits="2" branch="false"/>
          </lines>
        </class>
        <class name="toggle.ts" filename="libs/state/src/lib/transformation-helpers/object/toggle.ts" line-rate="1" branch-rate="1">
          <methods>
            <method name="toggle" hits="8" signature="()V">
              <lines>
                <line number="49" hits="8"/>
              </lines>
            </method>
          </methods>
          <lines>
            <line number="2" hits="15" branch="false"/>
            <line number="49" hits="15" branch="false"/>
            <line number="53" hits="8" branch="false"/>
            <line number="54" hits="8" branch="false"/>
            <line number="55" hits="8" branch="true" condition-coverage="100% (2/2)"/>
            <line number="57" hits="8" branch="true" condition-coverage="100% (2/2)"/>
            <line number="58" hits="1" branch="false"/>
            <line number="61" hits="8" branch="true" condition-coverage="100% (2/2)"/>
            <line number="62" hits="3" branch="false"/>
            <line number="65" hits="8" branch="true" condition-coverage="100% (4/4)"/>
            <line number="66" hits="2" branch="false"/>
            <line number="69" hits="8" branch="true" condition-coverage="100% (4/4)"/>
            <line number="70" hits="1" branch="false"/>
            <line number="73" hits="7" branch="true" condition-coverage="100% (2/2)"/>
            <line number="78" hits="4" branch="false"/>
            <line number="81" hits="3" branch="false"/>
          </lines>
        </class>
      </classes>
    </package>
  </packages>
</coverage>
